<?xml version="1.0" encoding="UTF-8"?>
<!-- Generated by org.testng.reporters.JUnitReportReporter -->
<testsuite hostname="DESKTOP-TMQ4LLU" failures="0" tests="1" name="testClass.login.LoginTest" time="30.778" errors="0" timestamp="2024-02-26T18:42:49 IST" skipped="0">
  <testcase classname="testClass.login.LoginTest" name="visiLeanUserLoginTest" time="30.778"/>
</testsuite> <!-- testClass.login.LoginTest -->
